<?xml version="1.0" encoding="UTF-8"?>
<testng-results skipped="0" failed="1" total="2" passed="1">
  <reporter-output>
  </reporter-output>
  <suite name="Suite1" duration-ms="219349" started-at="2015-07-30T20:15:56Z" finished-at="2015-07-30T20:19:35Z">
    <groups>
    </groups>
    <test name="fb" duration-ms="219349" started-at="2015-07-30T20:15:56Z" finished-at="2015-07-30T20:19:35Z">
      <class name="mike.attTest.FaceBookLogInTest">
        <test-method status="PASS" signature="setup()[pri:0, instance:mike.attTest.FaceBookLogInTest@2471cca7]" name="setup" is-config="true" duration-ms="64132" started-at="2015-07-30T16:15:56Z" finished-at="2015-07-30T16:17:00Z">
          <reporter-output>
          </reporter-output>
        </test-method> <!-- setup -->
        <test-method status="PASS" signature="successfulLoginInTest()[pri:0, instance:mike.attTest.FaceBookLogInTest@2471cca7]" name="successfulLoginInTest" duration-ms="136268" started-at="2015-07-30T16:17:00Z" finished-at="2015-07-30T16:19:16Z">
          <reporter-output>
          </reporter-output>
        </test-method> <!-- successfulLoginInTest -->
        <test-method status="FAIL" signature="unsuccessfulLoginTest()[pri:0, instance:mike.attTest.FaceBookLogInTest@2471cca7]" name="unsuccessfulLoginTest" duration-ms="18739" started-at="2015-07-30T16:19:16Z" finished-at="2015-07-30T16:19:35Z">
          <exception class="org.openqa.selenium.NoSuchElementException">
            <message>
              <![CDATA[Unable to locate element: {"method":"partial link text","selector":"Incorrect"}
Command duration or timeout: 6.55 seconds
For documentation on this error, please visit: http://seleniumhq.org/exceptions/no_such_element.html
Build info: version: '2.45.0', revision: '5017cb8', time: '2015-02-26 23:59:50'
System info: host: 'Mike-PC', ip: '192.168.1.7', os.name: 'Windows 8', os.arch: 'amd64', os.version: '6.2', java.version: '1.8.0_31'
Driver info: org.openqa.selenium.firefox.FirefoxDriver
Capabilities [{applicationCacheEnabled=true, rotatable=false, handlesAlerts=true, databaseEnabled=true, version=38.0.5, platform=WINDOWS, nativeEvents=false, acceptSslCerts=true, webStorageEnabled=true, locationContextEnabled=true, browserName=firefox, takesScreenshot=true, javascriptEnabled=true, cssSelectorsEnabled=true}]
Session ID: 2bdd6978-b8db-4466-bdbb-aace625f08b4
*** Element info: {Using=partial link text, value=Incorrect}]]>
            </message>
            <full-stacktrace>
              <![CDATA[org.openqa.selenium.NoSuchElementException: Unable to locate element: {"method":"partial link text","selector":"Incorrect"}
Command duration or timeout: 6.55 seconds
For documentation on this error, please visit: http://seleniumhq.org/exceptions/no_such_element.html
Build info: version: '2.45.0', revision: '5017cb8', time: '2015-02-26 23:59:50'
System info: host: 'Mike-PC', ip: '192.168.1.7', os.name: 'Windows 8', os.arch: 'amd64', os.version: '6.2', java.version: '1.8.0_31'
Driver info: org.openqa.selenium.firefox.FirefoxDriver
Capabilities [{applicationCacheEnabled=true, rotatable=false, handlesAlerts=true, databaseEnabled=true, version=38.0.5, platform=WINDOWS, nativeEvents=false, acceptSslCerts=true, webStorageEnabled=true, locationContextEnabled=true, browserName=firefox, takesScreenshot=true, javascriptEnabled=true, cssSelectorsEnabled=true}]
Session ID: 2bdd6978-b8db-4466-bdbb-aace625f08b4
*** Element info: {Using=partial link text, value=Incorrect}
	at sun.reflect.NativeConstructorAccessorImpl.newInstance0(Native Method)
	at sun.reflect.NativeConstructorAccessorImpl.newInstance(Unknown Source)
	at sun.reflect.DelegatingConstructorAccessorImpl.newInstance(Unknown Source)
	at java.lang.reflect.Constructor.newInstance(Unknown Source)
	at org.openqa.selenium.remote.ErrorHandler.createThrowable(ErrorHandler.java:204)
	at org.openqa.selenium.remote.ErrorHandler.throwIfResponseFailed(ErrorHandler.java:156)
	at org.openqa.selenium.remote.RemoteWebDriver.execute(RemoteWebDriver.java:599)
	at org.openqa.selenium.remote.RemoteWebDriver.findElement(RemoteWebDriver.java:352)
	at org.openqa.selenium.remote.RemoteWebDriver.findElementByPartialLinkText(RemoteWebDriver.java:409)
	at org.openqa.selenium.By$ByPartialLinkText.findElement(By.java:269)
	at org.openqa.selenium.remote.RemoteWebDriver.findElement(RemoteWebDriver.java:344)
	at POM.IncorrectLoginPage.verifyOnInccorectLoginPage(IncorrectLoginPage.java:20)
	at mike.attTest.FaceBookLogInTest.unsuccessfulLoginTest(FaceBookLogInTest.java:55)
	at sun.reflect.NativeMethodAccessorImpl.invoke0(Native Method)
	at sun.reflect.NativeMethodAccessorImpl.invoke(Unknown Source)
	at sun.reflect.DelegatingMethodAccessorImpl.invoke(Unknown Source)
	at java.lang.reflect.Method.invoke(Unknown Source)
	at org.testng.internal.MethodInvocationHelper.invokeMethod(MethodInvocationHelper.java:84)
	at org.testng.internal.Invoker.invokeMethod(Invoker.java:714)
	at org.testng.internal.Invoker.invokeTestMethod(Invoker.java:901)
	at org.testng.internal.Invoker.invokeTestMethods(Invoker.java:1231)
	at org.testng.internal.TestMethodWorker.invokeTestMethods(TestMethodWorker.java:127)
	at org.testng.internal.TestMethodWorker.run(TestMethodWorker.java:111)
	at org.testng.TestRunner.privateRun(TestRunner.java:767)
	at org.testng.TestRunner.run(TestRunner.java:617)
	at org.testng.SuiteRunner.runTest(SuiteRunner.java:334)
	at org.testng.SuiteRunner.runSequentially(SuiteRunner.java:329)
	at org.testng.SuiteRunner.privateRun(SuiteRunner.java:291)
	at org.testng.SuiteRunner.run(SuiteRunner.java:240)
	at org.testng.SuiteRunnerWorker.runSuite(SuiteRunnerWorker.java:52)
	at org.testng.SuiteRunnerWorker.run(SuiteRunnerWorker.java:86)
	at org.testng.TestNG.runSuitesSequentially(TestNG.java:1224)
	at org.testng.TestNG.runSuitesLocally(TestNG.java:1149)
	at org.testng.TestNG.run(TestNG.java:1057)
	at org.testng.remote.RemoteTestNG.run(RemoteTestNG.java:111)
	at org.testng.remote.RemoteTestNG.initAndRun(RemoteTestNG.java:204)
	at org.testng.remote.RemoteTestNG.main(RemoteTestNG.java:175)
Caused by: org.openqa.selenium.NoSuchElementException: Unable to locate element: {"method":"partial link text","selector":"Incorrect"}
For documentation on this error, please visit: http://seleniumhq.org/exceptions/no_such_element.html
Build info: version: '2.45.0', revision: '5017cb8', time: '2015-02-26 23:59:50'
System info: host: 'Mike-PC', ip: '192.168.1.7', os.name: 'Windows 8', os.arch: 'amd64', os.version: '6.2', java.version: '1.8.0_31'
Driver info: driver.version: unknown
	at <anonymous class>.FirefoxDriver.prototype.findElementInternal_(file:///C:/Users/MIKEH_~1/AppData/Local/Temp/anonymous3628233419802150346webdriver-profile/extensions/fxdriver@googlecode.com/components/driver-component.js:10271)
	at <anonymous class>.fxdriver.Timer.prototype.setTimeout/<.notify(file:///C:/Users/MIKEH_~1/AppData/Local/Temp/anonymous3628233419802150346webdriver-profile/extensions/fxdriver@googlecode.com/components/driver-component.js:603)
]]>
            </full-stacktrace>
          </exception> <!-- org.openqa.selenium.NoSuchElementException -->
          <reporter-output>
          </reporter-output>
        </test-method> <!-- unsuccessfulLoginTest -->
      </class> <!-- mike.attTest.FaceBookLogInTest -->
    </test> <!-- fb -->
  </suite> <!-- Suite1 -->
</testng-results>
